<?xml version="1.0" encoding="UTF-8"?>
<coverage generated="1739914407041" clover="3.2.0">
  <project timestamp="1739914407041" name="All files">
    <metrics statements="99" coveredstatements="93" conditionals="95" coveredconditionals="61" methods="22" coveredmethods="21" elements="216" coveredelements="175" complexity="0" loc="99" ncloc="99" packages="8" files="26" classes="26"/>
    <package name="__tests__.data">
      <metrics statements="11" coveredstatements="11" conditionals="41" coveredconditionals="30" methods="5" coveredmethods="5"/>
      <file name="DataMock.ts" path="/Users/mosmmy/Documents/projetos_2025/hiasdapp/__tests__/data/DataMock.ts">
        <metrics statements="11" coveredstatements="11" conditionals="41" coveredconditionals="30" methods="5" coveredmethods="5"/>
        <line num="4" count="1" type="stmt"/>
        <line num="7" count="1182" type="cond" truecount="2" falsecount="0"/>
        <line num="11" count="1838" type="cond" truecount="3" falsecount="0"/>
        <line num="15" count="610" type="cond" truecount="3" falsecount="2"/>
        <line num="20" count="610" type="cond" truecount="4" falsecount="0"/>
        <line num="23" count="610" type="cond" truecount="4" falsecount="0"/>
        <line num="27" count="610" type="cond" truecount="4" falsecount="1"/>
        <line num="31" count="610" type="stmt"/>
        <line num="50" count="11" type="stmt"/>
        <line num="58" count="1" type="stmt"/>
        <line num="59" count="1" type="stmt"/>
      </file>
    </package>
    <package name="assets.app">
      <metrics statements="1" coveredstatements="1" conditionals="0" coveredconditionals="0" methods="0" coveredmethods="0"/>
      <file name="logo.png" path="/Users/mosmmy/Documents/projetos_2025/hiasdapp/assets/app/logo.png">
        <metrics statements="1" coveredstatements="1" conditionals="0" coveredconditionals="0" methods="0" coveredmethods="0"/>
        <line num="1" count="1" type="stmt"/>
      </file>
    </package>
    <package name="assets.app.categories">
      <metrics statements="2" coveredstatements="2" conditionals="0" coveredconditionals="0" methods="0" coveredmethods="0"/>
      <file name="categoryGod.jpg" path="/Users/mosmmy/Documents/projetos_2025/hiasdapp/assets/app/categories/categoryGod.jpg">
        <metrics statements="1" coveredstatements="1" conditionals="0" coveredconditionals="0" methods="0" coveredmethods="0"/>
        <line num="1" count="1" type="stmt"/>
      </file>
      <file name="sonGod.jpg" path="/Users/mosmmy/Documents/projetos_2025/hiasdapp/assets/app/categories/sonGod.jpg">
        <metrics statements="1" coveredstatements="1" conditionals="0" coveredconditionals="0" methods="0" coveredmethods="0"/>
        <line num="1" count="1" type="stmt"/>
      </file>
    </package>
    <package name="assets.app.categories.antigo">
      <metrics statements="11" coveredstatements="11" conditionals="0" coveredconditionals="0" methods="0" coveredmethods="0"/>
      <file name="adoracao.jpg" path="/Users/mosmmy/Documents/projetos_2025/hiasdapp/assets/app/categories/antigo/adoracao.jpg">
        <metrics statements="1" coveredstatements="1" conditionals="0" coveredconditionals="0" methods="0" coveredmethods="0"/>
        <line num="1" count="1" type="stmt"/>
      </file>
      <file name="amen.jpg" path="/Users/mosmmy/Documents/projetos_2025/hiasdapp/assets/app/categories/antigo/amen.jpg">
        <metrics statements="1" coveredstatements="1" conditionals="0" coveredconditionals="0" methods="0" coveredmethods="0"/>
        <line num="1" count="1" type="stmt"/>
      </file>
      <file name="canticos-responsivos.jpg" path="/Users/mosmmy/Documents/projetos_2025/hiasdapp/assets/app/categories/antigo/canticos-responsivos.jpg">
        <metrics statements="1" coveredstatements="1" conditionals="0" coveredconditionals="0" methods="0" coveredmethods="0"/>
        <line num="1" count="1" type="stmt"/>
      </file>
      <file name="deus-o-pai.jpg" path="/Users/mosmmy/Documents/projetos_2025/hiasdapp/assets/app/categories/antigo/deus-o-pai.jpg">
        <metrics statements="1" coveredstatements="1" conditionals="0" coveredconditionals="0" methods="0" coveredmethods="0"/>
        <line num="1" count="1" type="stmt"/>
      </file>
      <file name="espirito-santo.jpg" path="/Users/mosmmy/Documents/projetos_2025/hiasdapp/assets/app/categories/antigo/espirito-santo.jpg">
        <metrics statements="1" coveredstatements="1" conditionals="0" coveredconditionals="0" methods="0" coveredmethods="0"/>
        <line num="1" count="1" type="stmt"/>
      </file>
      <file name="igreja-doutrina.jpg" path="/Users/mosmmy/Documents/projetos_2025/hiasdapp/assets/app/categories/antigo/igreja-doutrina.jpg">
        <metrics statements="1" coveredstatements="1" conditionals="0" coveredconditionals="0" methods="0" coveredmethods="0"/>
        <line num="1" count="1" type="stmt"/>
      </file>
      <file name="jesus-cristo.jpg" path="/Users/mosmmy/Documents/projetos_2025/hiasdapp/assets/app/categories/antigo/jesus-cristo.jpg">
        <metrics statements="1" coveredstatements="1" conditionals="0" coveredconditionals="0" methods="0" coveredmethods="0"/>
        <line num="1" count="1" type="stmt"/>
      </file>
      <file name="lar-cristao.jpg" path="/Users/mosmmy/Documents/projetos_2025/hiasdapp/assets/app/categories/antigo/lar-cristao.jpg">
        <metrics statements="1" coveredstatements="1" conditionals="0" coveredconditionals="0" methods="0" coveredmethods="0"/>
        <line num="1" count="1" type="stmt"/>
      </file>
      <file name="o-evangelho.jpg" path="/Users/mosmmy/Documents/projetos_2025/hiasdapp/assets/app/categories/antigo/o-evangelho.jpg">
        <metrics statements="1" coveredstatements="1" conditionals="0" coveredconditionals="0" methods="0" coveredmethods="0"/>
        <line num="1" count="1" type="stmt"/>
      </file>
      <file name="santa-escritura-1.jpg" path="/Users/mosmmy/Documents/projetos_2025/hiasdapp/assets/app/categories/antigo/santa-escritura-1.jpg">
        <metrics statements="1" coveredstatements="1" conditionals="0" coveredconditionals="0" methods="0" coveredmethods="0"/>
        <line num="1" count="1" type="stmt"/>
      </file>
      <file name="vida-crista.jpg" path="/Users/mosmmy/Documents/projetos_2025/hiasdapp/assets/app/categories/antigo/vida-crista.jpg">
        <metrics statements="1" coveredstatements="1" conditionals="0" coveredconditionals="0" methods="0" coveredmethods="0"/>
        <line num="1" count="1" type="stmt"/>
      </file>
    </package>
    <package name="src.components.svg">
      <metrics statements="6" coveredstatements="6" conditionals="10" coveredconditionals="7" methods="3" coveredmethods="3"/>
      <file name="ActiveHymnsDownloadSvg.tsx" path="/Users/mosmmy/Documents/projetos_2025/hiasdapp/src/components/svg/ActiveHymnsDownloadSvg.tsx">
        <metrics statements="2" coveredstatements="2" conditionals="4" coveredconditionals="3" methods="1" coveredmethods="1"/>
        <line num="6" count="1" type="cond" truecount="2" falsecount="0"/>
        <line num="7" count="6" type="stmt"/>
      </file>
      <file name="PlayCardSvg.tsx" path="/Users/mosmmy/Documents/projetos_2025/hiasdapp/src/components/svg/PlayCardSvg.tsx">
        <metrics statements="2" coveredstatements="2" conditionals="2" coveredconditionals="0" methods="1" coveredmethods="1"/>
        <line num="5" count="1" type="cond" truecount="0" falsecount="2"/>
        <line num="6" count="6" type="stmt"/>
      </file>
      <file name="SpreedSvg.tsx" path="/Users/mosmmy/Documents/projetos_2025/hiasdapp/src/components/svg/SpreedSvg.tsx">
        <metrics statements="2" coveredstatements="2" conditionals="4" coveredconditionals="4" methods="1" coveredmethods="1"/>
        <line num="6" count="1" type="stmt"/>
        <line num="7" count="6" type="stmt"/>
      </file>
    </package>
    <package name="src.components.util">
      <metrics statements="19" coveredstatements="19" conditionals="26" coveredconditionals="14" methods="7" coveredmethods="7"/>
      <file name="Authors.tsx" path="/Users/mosmmy/Documents/projetos_2025/hiasdapp/src/components/util/Authors.tsx">
        <metrics statements="7" coveredstatements="7" conditionals="20" coveredconditionals="9" methods="2" coveredmethods="2"/>
        <line num="7" count="1" type="stmt"/>
        <line num="9" count="6" type="stmt"/>
        <line num="14" count="12" type="stmt"/>
        <line num="15" count="12" type="cond" truecount="2" falsecount="2"/>
        <line num="16" count="12" type="cond" truecount="2" falsecount="0"/>
        <line num="17" count="12" type="stmt"/>
        <line num="28" count="1" type="stmt"/>
      </file>
      <file name="CardHymnDay.tsx" path="/Users/mosmmy/Documents/projetos_2025/hiasdapp/src/components/util/CardHymnDay.tsx">
        <metrics statements="12" coveredstatements="12" conditionals="6" coveredconditionals="5" methods="5" coveredmethods="5"/>
        <line num="21" count="1" type="stmt"/>
        <line num="22" count="12" type="stmt"/>
        <line num="24" count="12" type="stmt"/>
        <line num="25" count="6" type="stmt"/>
        <line num="26" count="6" type="stmt"/>
        <line num="27" count="6" type="stmt"/>
        <line num="29" count="6" type="stmt"/>
        <line num="32" count="12" type="stmt"/>
        <line num="33" count="6" type="stmt"/>
        <line num="34" count="6" type="cond" truecount="2" falsecount="0"/>
        <line num="37" count="12" type="stmt"/>
        <line num="92" count="1" type="stmt"/>
      </file>
    </package>
    <package name="src.constants">
      <metrics statements="19" coveredstatements="19" conditionals="0" coveredconditionals="0" methods="0" coveredmethods="0"/>
      <file name="images.ts" path="/Users/mosmmy/Documents/projetos_2025/hiasdapp/src/constants/images.ts">
        <metrics statements="16" coveredstatements="16" conditionals="0" coveredconditionals="0" methods="0" coveredmethods="0"/>
        <line num="20" count="1" type="stmt"/>
        <line num="23" count="1" type="stmt"/>
        <line num="24" count="1" type="stmt"/>
        <line num="25" count="1" type="stmt"/>
        <line num="26" count="1" type="stmt"/>
        <line num="27" count="1" type="stmt"/>
        <line num="28" count="1" type="stmt"/>
        <line num="29" count="1" type="stmt"/>
        <line num="30" count="1" type="stmt"/>
        <line num="31" count="1" type="stmt"/>
        <line num="32" count="1" type="stmt"/>
        <line num="33" count="1" type="stmt"/>
        <line num="36" count="1" type="stmt"/>
        <line num="37" count="1" type="stmt"/>
        <line num="39" count="1" type="stmt"/>
        <line num="53" count="1" type="stmt"/>
      </file>
      <file name="styles.ts" path="/Users/mosmmy/Documents/projetos_2025/hiasdapp/src/constants/styles.ts">
        <metrics statements="3" coveredstatements="3" conditionals="0" coveredconditionals="0" methods="0" coveredmethods="0"/>
        <line num="1" count="1" type="stmt"/>
        <line num="17" count="1" type="stmt"/>
        <line num="29" count="1" type="stmt"/>
      </file>
    </package>
    <package name="src.helpers">
      <metrics statements="30" coveredstatements="24" conditionals="18" coveredconditionals="10" methods="7" coveredmethods="6"/>
      <file name="dateFormat.ts" path="/Users/mosmmy/Documents/projetos_2025/hiasdapp/src/helpers/dateFormat.ts">
        <metrics statements="3" coveredstatements="3" conditionals="0" coveredconditionals="0" methods="1" coveredmethods="1"/>
        <line num="1" count="1" type="stmt"/>
        <line num="2" count="7" type="stmt"/>
        <line num="5" count="7" type="stmt"/>
      </file>
      <file name="getBackgroundSource.ts" path="/Users/mosmmy/Documents/projetos_2025/hiasdapp/src/helpers/getBackgroundSource.ts">
        <metrics statements="4" coveredstatements="4" conditionals="4" coveredconditionals="3" methods="1" coveredmethods="1"/>
        <line num="3" count="1" type="stmt"/>
        <line num="5" count="1" type="cond" truecount="1" falsecount="1"/>
        <line num="6" count="1" type="stmt"/>
        <line num="7" count="6" type="cond" truecount="2" falsecount="0"/>
      </file>
      <file name="getDailyHymn.ts" path="/Users/mosmmy/Documents/projetos_2025/hiasdapp/src/helpers/getDailyHymn.ts">
        <metrics statements="16" coveredstatements="13" conditionals="8" coveredconditionals="5" methods="3" coveredmethods="3"/>
        <line num="7" count="1" type="stmt"/>
        <line num="8" count="6" type="stmt"/>
        <line num="10" count="6" type="stmt"/>
        <line num="12" count="6" type="stmt"/>
        <line num="14" count="6" type="cond" truecount="2" falsecount="0"/>
        <line num="15" count="4" type="stmt"/>
        <line num="16" count="4" type="cond" truecount="1" falsecount="1"/>
        <line num="17" count="5" type="stmt"/>
        <line num="18" count="4" type="cond" truecount="1" falsecount="1"/>
        <line num="22" count="2" type="stmt"/>
        <line num="23" count="2" type="stmt"/>
        <line num="29" count="14" type="stmt"/>
        <line num="30" count="2" type="cond" truecount="1" falsecount="1"/>
        <line num="33" count="0" type="stmt"/>
        <line num="36" count="0" type="stmt"/>
        <line num="37" count="0" type="stmt"/>
      </file>
      <file name="textsWords.ts" path="/Users/mosmmy/Documents/projetos_2025/hiasdapp/src/helpers/textsWords.ts">
        <metrics statements="7" coveredstatements="4" conditionals="6" coveredconditionals="2" methods="2" coveredmethods="1"/>
        <line num="1" count="1" type="cond" truecount="0" falsecount="1"/>
        <line num="2" count="6" type="cond" truecount="2" falsecount="0"/>
        <line num="3" count="5" type="stmt"/>
        <line num="6" count="1" type="cond" truecount="0" falsecount="1"/>
        <line num="7" count="0" type="stmt"/>
        <line num="8" count="0" type="cond" truecount="0" falsecount="2"/>
        <line num="9" count="0" type="stmt"/>
      </file>
    </package>
  </project>
</coverage>
