<?xml version="1.0" encoding="UTF-8"?>
<coverage generated="1739901446130" clover="3.2.0">
  <project timestamp="1739901446130" name="All files">
    <metrics statements="18" coveredstatements="15" conditionals="30" coveredconditionals="19" methods="4" coveredmethods="3" elements="52" coveredelements="37" complexity="0" loc="18" ncloc="18" packages="3" files="3" classes="3"/>
    <package name="components.util">
      <metrics statements="8" coveredstatements="8" conditionals="24" coveredconditionals="18" methods="2" coveredmethods="2"/>
      <file name="Authors.tsx" path="/Users/mosmmy/Documents/projetos_2025/hiasdapp/src/components/util/Authors.tsx">
        <metrics statements="8" coveredstatements="8" conditionals="24" coveredconditionals="18" methods="2" coveredmethods="2"/>
        <line num="7" count="1" type="stmt"/>
        <line num="9" count="7" type="stmt"/>
        <line num="14" count="8" type="stmt"/>
        <line num="15" count="8" type="cond" truecount="1" falsecount="1"/>
        <line num="16" count="8" type="stmt"/>
        <line num="17" count="8" type="cond" truecount="2" falsecount="0"/>
        <line num="18" count="8" type="stmt"/>
        <line num="29" count="1" type="stmt"/>
      </file>
    </package>
    <package name="constants">
      <metrics statements="3" coveredstatements="3" conditionals="0" coveredconditionals="0" methods="0" coveredmethods="0"/>
      <file name="styles.ts" path="/Users/mosmmy/Documents/projetos_2025/hiasdapp/src/constants/styles.ts">
        <metrics statements="3" coveredstatements="3" conditionals="0" coveredconditionals="0" methods="0" coveredmethods="0"/>
        <line num="1" count="1" type="stmt"/>
        <line num="17" count="1" type="stmt"/>
        <line num="29" count="1" type="stmt"/>
      </file>
    </package>
    <package name="helpers">
      <metrics statements="7" coveredstatements="4" conditionals="6" coveredconditionals="1" methods="2" coveredmethods="1"/>
      <file name="textsWords.ts" path="/Users/mosmmy/Documents/projetos_2025/hiasdapp/src/helpers/textsWords.ts">
        <metrics statements="7" coveredstatements="4" conditionals="6" coveredconditionals="1" methods="2" coveredmethods="1"/>
        <line num="1" count="1" type="cond" truecount="0" falsecount="1"/>
        <line num="2" count="3" type="cond" truecount="1" falsecount="1"/>
        <line num="3" count="3" type="stmt"/>
        <line num="6" count="1" type="cond" truecount="0" falsecount="1"/>
        <line num="7" count="0" type="stmt"/>
        <line num="8" count="0" type="cond" truecount="0" falsecount="2"/>
        <line num="9" count="0" type="stmt"/>
      </file>
    </package>
  </project>
</coverage>
