{"/Users/mosmmy/Documents/projetos_2025/hiasdapp/src/components/util/Authors.tsx": {"path":"/Users/mosmmy/Documents/projetos_2025/hiasdapp/src/components/util/Authors.tsx","statementMap":{"0":{"start":{"line":7,"column":15},"end":{"line":27,"column":1}},"1":{"start":{"line":9,"column":4},"end":{"line":26,"column":5}},"2":{"start":{"line":14,"column":39},"end":{"line":14,"column":67}},"3":{"start":{"line":15,"column":32},"end":{"line":15,"column":81}},"4":{"start":{"line":16,"column":20},"end":{"line":16,"column":37}},"5":{"start":{"line":17,"column":38},"end":{"line":17,"column":61}},"6":{"start":{"line":18,"column":20},"end":{"line":22,"column":21}},"7":{"start":{"line":29,"column":13},"end":{"line":40,"column":2}}},"fnMap":{"0":{"name":"(anonymous_0)","decl":{"start":{"line":7,"column":15},"end":{"line":7,"column":16}},"loc":{"start":{"line":7,"column":115},"end":{"line":27,"column":1}},"line":7},"1":{"name":"(anonymous_1)","decl":{"start":{"line":13,"column":28},"end":{"line":13,"column":29}},"loc":{"start":{"line":13,"column":59},"end":{"line":23,"column":18}},"line":13}},"branchMap":{"0":{"loc":{"start":{"line":12,"column":16},"end":{"line":23,"column":19}},"type":"cond-expr","locations":[{"start":{"line":12,"column":58},"end":{"line":12,"column":132}},{"start":{"line":13,"column":16},"end":{"line":23,"column":19}}],"line":12},"1":{"loc":{"start":{"line":12,"column":16},"end":{"line":12,"column":55}},"type":"binary-expr","locations":[{"start":{"line":12,"column":16},"end":{"line":12,"column":30}},{"start":{"line":12,"column":34},"end":{"line":12,"column":55}}],"line":12},"2":{"loc":{"start":{"line":12,"column":71},"end":{"line":12,"column":111}},"type":"cond-expr","locations":[{"start":{"line":12,"column":81},"end":{"line":12,"column":90}},{"start":{"line":12,"column":91},"end":{"line":12,"column":111}}],"line":12},"3":{"loc":{"start":{"line":15,"column":32},"end":{"line":15,"column":81}},"type":"cond-expr","locations":[{"start":{"line":15,"column":44},"end":{"line":15,"column":64}},{"start":{"line":15,"column":67},"end":{"line":15,"column":81}}],"line":15},"4":{"loc":{"start":{"line":17,"column":38},"end":{"line":17,"column":61}},"type":"cond-expr","locations":[{"start":{"line":17,"column":52},"end":{"line":17,"column":56}},{"start":{"line":17,"column":59},"end":{"line":17,"column":61}}],"line":17},"5":{"loc":{"start":{"line":19,"column":49},"end":{"line":19,"column":89}},"type":"cond-expr","locations":[{"start":{"line":19,"column":59},"end":{"line":19,"column":68}},{"start":{"line":19,"column":69},"end":{"line":19,"column":89}}],"line":19},"6":{"loc":{"start":{"line":20,"column":29},"end":{"line":20,"column":203}},"type":"cond-expr","locations":[{"start":{"line":20,"column":36},"end":{"line":20,"column":185}},{"start":{"line":20,"column":186},"end":{"line":20,"column":203}}],"line":20},"7":{"loc":{"start":{"line":20,"column":36},"end":{"line":20,"column":185}},"type":"cond-expr","locations":[{"start":{"line":20,"column":58},"end":{"line":20,"column":76}},{"start":{"line":20,"column":77},"end":{"line":20,"column":185}}],"line":20},"8":{"loc":{"start":{"line":20,"column":77},"end":{"line":20,"column":185}},"type":"cond-expr","locations":[{"start":{"line":20,"column":96},"end":{"line":20,"column":137}},{"start":{"line":20,"column":138},"end":{"line":20,"column":185}}],"line":20},"9":{"loc":{"start":{"line":20,"column":109},"end":{"line":20,"column":119}},"type":"binary-expr","locations":[{"start":{"line":20,"column":109},"end":{"line":20,"column":113}},{"start":{"line":20,"column":117},"end":{"line":20,"column":119}}],"line":20},"10":{"loc":{"start":{"line":20,"column":138},"end":{"line":20,"column":185}},"type":"binary-expr","locations":[{"start":{"line":20,"column":138},"end":{"line":20,"column":155}},{"start":{"line":20,"column":157},"end":{"line":20,"column":185}}],"line":20},"11":{"loc":{"start":{"line":20,"column":170},"end":{"line":20,"column":180}},"type":"binary-expr","locations":[{"start":{"line":20,"column":170},"end":{"line":20,"column":174}},{"start":{"line":20,"column":178},"end":{"line":20,"column":180}}],"line":20}},"s":{"0":1,"1":7,"2":8,"3":8,"4":8,"5":8,"6":8,"7":1},"f":{"0":7,"1":8},"b":{"0":[2,5],"1":[7,6],"2":[0,2],"3":[8,0],"4":[3,5],"5":[1,7],"6":[4,4],"7":[1,3],"8":[0,3],"9":[0,0],"10":[3,3],"11":[3,0]},"_coverageSchema":"1a1c01bbd47fc00a2c39e90264f33305004495a9","hash":"6107538bb39490ca4221f2c2fcebb16145a9c51e"}
,"/Users/mosmmy/Documents/projetos_2025/hiasdapp/src/constants/styles.ts": {"path":"/Users/mosmmy/Documents/projetos_2025/hiasdapp/src/constants/styles.ts","statementMap":{"0":{"start":{"line":1,"column":13},"end":{"line":15,"column":1}},"1":{"start":{"line":17,"column":17},"end":{"line":27,"column":1}},"2":{"start":{"line":29,"column":22},"end":{"line":31,"column":1}}},"fnMap":{},"branchMap":{},"s":{"0":1,"1":1,"2":1},"f":{},"b":{},"_coverageSchema":"1a1c01bbd47fc00a2c39e90264f33305004495a9","hash":"ed90446f825a4bf76dac8fb0dd455984f889f8fb"}
,"/Users/mosmmy/Documents/projetos_2025/hiasdapp/src/helpers/textsWords.ts": {"path":"/Users/mosmmy/Documents/projetos_2025/hiasdapp/src/helpers/textsWords.ts","statementMap":{"0":{"start":{"line":1,"column":19},"end":{"line":4,"column":1}},"1":{"start":{"line":2,"column":4},"end":{"line":2,"column":72}},"2":{"start":{"line":2,"column":33},"end":{"line":2,"column":72}},"3":{"start":{"line":3,"column":4},"end":{"line":3,"column":15}},"4":{"start":{"line":6,"column":24},"end":{"line":10,"column":1}},"5":{"start":{"line":7,"column":18},"end":{"line":7,"column":33}},"6":{"start":{"line":8,"column":4},"end":{"line":8,"column":82}},"7":{"start":{"line":8,"column":33},"end":{"line":8,"column":82}},"8":{"start":{"line":9,"column":4},"end":{"line":9,"column":16}}},"fnMap":{"0":{"name":"(anonymous_0)","decl":{"start":{"line":1,"column":19},"end":{"line":1,"column":20}},"loc":{"start":{"line":1,"column":65},"end":{"line":4,"column":1}},"line":1},"1":{"name":"(anonymous_1)","decl":{"start":{"line":6,"column":24},"end":{"line":6,"column":25}},"loc":{"start":{"line":6,"column":71},"end":{"line":10,"column":1}},"line":6}},"branchMap":{"0":{"loc":{"start":{"line":1,"column":33},"end":{"line":1,"column":53}},"type":"default-arg","locations":[{"start":{"line":1,"column":52},"end":{"line":1,"column":53}}],"line":1},"1":{"loc":{"start":{"line":2,"column":4},"end":{"line":2,"column":72}},"type":"if","locations":[{"start":{"line":2,"column":4},"end":{"line":2,"column":72}},{"start":{},"end":{}}],"line":2},"2":{"loc":{"start":{"line":6,"column":39},"end":{"line":6,"column":59}},"type":"default-arg","locations":[{"start":{"line":6,"column":58},"end":{"line":6,"column":59}}],"line":6},"3":{"loc":{"start":{"line":8,"column":4},"end":{"line":8,"column":82}},"type":"if","locations":[{"start":{"line":8,"column":4},"end":{"line":8,"column":82}},{"start":{},"end":{}}],"line":8}},"s":{"0":1,"1":3,"2":0,"3":3,"4":1,"5":0,"6":0,"7":0,"8":0},"f":{"0":3,"1":0},"b":{"0":[0],"1":[0,3],"2":[0],"3":[0,0]},"_coverageSchema":"1a1c01bbd47fc00a2c39e90264f33305004495a9","hash":"fbe152fbbc31761ab014ff153e315904c3895d12"}
}
