{"/Users/mosmmy/Documents/projetos_2025/hiasdapp/src/components/util/Separator.tsx": {"path":"/Users/mosmmy/Documents/projetos_2025/hiasdapp/src/components/util/Separator.tsx","statementMap":{"0":{"start":{"line":11,"column":38},"end":{"line":24,"column":1}},"1":{"start":{"line":12,"column":4},"end":{"line":23,"column":5}},"2":{"start":{"line":26,"column":13},"end":{"line":48,"column":2}}},"fnMap":{"0":{"name":"(anonymous_0)","decl":{"start":{"line":11,"column":38},"end":{"line":11,"column":39}},"loc":{"start":{"line":11,"column":78},"end":{"line":24,"column":1}},"line":11}},"branchMap":{"0":{"loc":{"start":{"line":18,"column":13},"end":{"line":21,"column":31}},"type":"binary-expr","locations":[{"start":{"line":18,"column":13},"end":{"line":18,"column":17}},{"start":{"line":19,"column":12},"end":{"line":21,"column":31}}],"line":18}},"s":{"0":1,"1":5,"2":1},"f":{"0":5},"b":{"0":[5,2]},"_coverageSchema":"1a1c01bbd47fc00a2c39e90264f33305004495a9","hash":"cb061ae51ca241a48bc53ce71cd26c327e5b4d8d"}
,"/Users/mosmmy/Documents/projetos_2025/hiasdapp/src/constants/styles.ts": {"path":"/Users/mosmmy/Documents/projetos_2025/hiasdapp/src/constants/styles.ts","statementMap":{"0":{"start":{"line":1,"column":13},"end":{"line":15,"column":1}},"1":{"start":{"line":17,"column":17},"end":{"line":27,"column":1}},"2":{"start":{"line":29,"column":22},"end":{"line":31,"column":1}}},"fnMap":{},"branchMap":{},"s":{"0":1,"1":1,"2":1},"f":{},"b":{},"_coverageSchema":"1a1c01bbd47fc00a2c39e90264f33305004495a9","hash":"ed90446f825a4bf76dac8fb0dd455984f889f8fb"}
}
