TN:
SF:__tests__/data/DataMock.ts
FN:6,isAuthor
FN:10,isVerse
FN:14,isChorus
FN:19,transformToHymn
FN:48,transformCategory
FNF:5
FNH:5
FNDA:1182,isAuthor
FNDA:1838,isVerse
FNDA:610,isChorus
FNDA:610,transformToHymn
FNDA:11,transformCategory
DA:4,1
DA:7,1182
DA:11,1838
DA:15,610
DA:20,610
DA:23,610
DA:27,610
DA:31,610
DA:50,11
DA:58,1
DA:59,1
LF:11
LH:11
BRDA:7,0,0,1182
BRDA:7,0,1,1182
BRDA:11,1,0,1838
BRDA:11,1,1,1838
BRDA:11,1,2,1802
BRDA:15,2,0,610
BRDA:15,2,1,610
BRDA:15,2,2,610
BRDA:15,2,3,0
BRDA:15,2,4,0
BRDA:20,3,0,50
BRDA:20,3,1,560
BRDA:20,4,0,610
BRDA:20,4,1,610
BRDA:23,5,0,36
BRDA:23,5,1,574
BRDA:23,6,0,610
BRDA:23,6,1,610
BRDA:27,7,0,610
BRDA:27,7,1,0
BRDA:27,8,0,610
BRDA:27,8,1,610
BRDA:27,8,2,610
BRDA:34,9,0,610
BRDA:34,9,1,64
BRDA:35,10,0,610
BRDA:35,10,1,0
BRDA:36,11,0,610
BRDA:36,11,1,0
BRDA:37,12,0,610
BRDA:37,12,1,0
BRDA:39,13,0,610
BRDA:39,13,1,0
BRDA:41,14,0,610
BRDA:41,14,1,0
BRDA:42,15,0,610
BRDA:42,15,1,0
BRDA:43,16,0,610
BRDA:43,16,1,0
BRDA:44,17,0,610
BRDA:44,17,1,0
BRF:41
BRH:30
end_of_record
TN:
SF:assets/app/logo.png
FNF:0
FNH:0
DA:1,1
LF:1
LH:1
BRF:0
BRH:0
end_of_record
TN:
SF:assets/app/categories/categoryGod.jpg
FNF:0
FNH:0
DA:1,1
LF:1
LH:1
BRF:0
BRH:0
end_of_record
TN:
SF:assets/app/categories/sonGod.jpg
FNF:0
FNH:0
DA:1,1
LF:1
LH:1
BRF:0
BRH:0
end_of_record
TN:
SF:assets/app/categories/antigo/adoracao.jpg
FNF:0
FNH:0
DA:1,1
LF:1
LH:1
BRF:0
BRH:0
end_of_record
TN:
SF:assets/app/categories/antigo/amen.jpg
FNF:0
FNH:0
DA:1,1
LF:1
LH:1
BRF:0
BRH:0
end_of_record
TN:
SF:assets/app/categories/antigo/canticos-responsivos.jpg
FNF:0
FNH:0
DA:1,1
LF:1
LH:1
BRF:0
BRH:0
end_of_record
TN:
SF:assets/app/categories/antigo/deus-o-pai.jpg
FNF:0
FNH:0
DA:1,1
LF:1
LH:1
BRF:0
BRH:0
end_of_record
TN:
SF:assets/app/categories/antigo/espirito-santo.jpg
FNF:0
FNH:0
DA:1,1
LF:1
LH:1
BRF:0
BRH:0
end_of_record
TN:
SF:assets/app/categories/antigo/igreja-doutrina.jpg
FNF:0
FNH:0
DA:1,1
LF:1
LH:1
BRF:0
BRH:0
end_of_record
TN:
SF:assets/app/categories/antigo/jesus-cristo.jpg
FNF:0
FNH:0
DA:1,1
LF:1
LH:1
BRF:0
BRH:0
end_of_record
TN:
SF:assets/app/categories/antigo/lar-cristao.jpg
FNF:0
FNH:0
DA:1,1
LF:1
LH:1
BRF:0
BRH:0
end_of_record
TN:
SF:assets/app/categories/antigo/o-evangelho.jpg
FNF:0
FNH:0
DA:1,1
LF:1
LH:1
BRF:0
BRH:0
end_of_record
TN:
SF:assets/app/categories/antigo/santa-escritura-1.jpg
FNF:0
FNH:0
DA:1,1
LF:1
LH:1
BRF:0
BRH:0
end_of_record
TN:
SF:assets/app/categories/antigo/vida-crista.jpg
FNF:0
FNH:0
DA:1,1
LF:1
LH:1
BRF:0
BRH:0
end_of_record
TN:
SF:src/components/svg/ActiveHymnsDownloadSvg.tsx
FN:6,(anonymous_0)
FNF:1
FNH:1
FNDA:6,(anonymous_0)
DA:6,1
DA:7,6
LF:2
LH:2
BRDA:6,0,0,6
BRDA:6,1,0,6
BRDA:8,2,0,6
BRDA:8,2,1,0
BRF:4
BRH:3
end_of_record
TN:
SF:src/components/svg/PlayCardSvg.tsx
FN:5,(anonymous_0)
FNF:1
FNH:1
FNDA:6,(anonymous_0)
DA:5,1
DA:6,6
LF:2
LH:2
BRDA:5,0,0,0
BRDA:5,1,0,0
BRF:2
BRH:0
end_of_record
TN:
SF:src/components/svg/SpreedSvg.tsx
FN:6,(anonymous_0)
FNF:1
FNH:1
FNDA:6,(anonymous_0)
DA:6,1
DA:7,6
LF:2
LH:2
BRDA:8,0,0,6
BRDA:8,0,1,6
BRDA:8,1,0,6
BRDA:8,1,1,6
BRF:4
BRH:4
end_of_record
TN:
SF:src/components/util/Authors.tsx
FN:7,(anonymous_0)
FN:13,(anonymous_1)
FNF:2
FNH:2
FNDA:6,(anonymous_0)
FNDA:12,(anonymous_1)
DA:7,1
DA:9,6
DA:14,12
DA:15,12
DA:16,12
DA:17,12
DA:28,1
LF:7
LH:7
BRDA:12,0,0,0
BRDA:12,0,1,6
BRDA:12,1,0,6
BRDA:12,1,1,6
BRDA:12,2,0,0
BRDA:12,2,1,0
BRDA:15,3,0,0
BRDA:15,3,1,12
BRDA:15,4,0,0
BRDA:15,4,1,12
BRDA:16,5,0,6
BRDA:16,5,1,6
BRDA:18,6,0,12
BRDA:18,6,1,0
BRDA:19,7,0,0
BRDA:19,7,1,12
BRDA:19,8,0,0
BRDA:19,8,1,0
BRDA:19,9,0,0
BRDA:19,9,1,0
BRF:20
BRH:9
end_of_record
TN:
SF:src/components/util/CardHymnDay.tsx
FN:21,(anonymous_0)
FN:24,(anonymous_1)
FN:25,(anonymous_2)
FN:32,(anonymous_3)
FN:33,(anonymous_4)
FNF:5
FNH:5
FNDA:12,(anonymous_0)
FNDA:6,(anonymous_1)
FNDA:6,(anonymous_2)
FNDA:6,(anonymous_3)
FNDA:6,(anonymous_4)
DA:21,1
DA:22,12
DA:24,12
DA:25,6
DA:26,6
DA:27,6
DA:29,6
DA:32,12
DA:33,6
DA:34,6
DA:37,12
DA:92,1
LF:12
LH:12
BRDA:34,0,0,6
BRDA:34,0,1,1
BRDA:39,1,0,6
BRDA:39,1,1,6
BRDA:57,2,0,6
BRDA:57,2,1,0
BRF:6
BRH:5
end_of_record
TN:
SF:src/constants/images.ts
FNF:0
FNH:0
DA:20,1
DA:23,1
DA:24,1
DA:25,1
DA:26,1
DA:27,1
DA:28,1
DA:29,1
DA:30,1
DA:31,1
DA:32,1
DA:33,1
DA:36,1
DA:37,1
DA:39,1
DA:53,1
LF:16
LH:16
BRF:0
BRH:0
end_of_record
TN:
SF:src/constants/styles.ts
FNF:0
FNH:0
DA:1,1
DA:17,1
DA:29,1
LF:3
LH:3
BRF:0
BRH:0
end_of_record
TN:
SF:src/helpers/dateFormat.ts
FN:1,(anonymous_0)
FNF:1
FNH:1
FNDA:7,(anonymous_0)
DA:1,1
DA:2,7
DA:5,7
LF:3
LH:3
BRF:0
BRH:0
end_of_record
TN:
SF:src/helpers/getBackgroundSource.ts
FN:6,(anonymous_0)
FNF:1
FNH:1
FNDA:6,(anonymous_0)
DA:3,1
DA:5,1
DA:6,1
DA:7,6
LF:4
LH:4
BRDA:5,0,0,1
BRDA:5,0,1,0
BRDA:7,1,0,6
BRDA:7,1,1,6
BRF:4
BRH:3
end_of_record
TN:
SF:src/helpers/getDailyHymn.ts
FN:7,(anonymous_0)
FN:17,(anonymous_1)
FN:29,(anonymous_2)
FNF:3
FNH:3
FNDA:6,(anonymous_0)
FNDA:5,(anonymous_1)
FNDA:14,(anonymous_2)
DA:7,1
DA:8,6
DA:10,6
DA:12,6
DA:14,6
DA:15,4
DA:16,4
DA:17,5
DA:18,4
DA:22,2
DA:23,2
DA:29,14
DA:30,2
DA:33,0
DA:36,0
DA:37,0
LF:16
LH:13
BRDA:14,0,0,4
BRDA:14,0,1,2
BRDA:16,1,0,4
BRDA:16,1,1,0
BRDA:18,2,0,4
BRDA:18,2,1,0
BRDA:30,3,0,2
BRDA:30,3,1,0
BRF:8
BRH:5
end_of_record
TN:
SF:src/helpers/textsWords.ts
FN:1,(anonymous_0)
FN:6,(anonymous_1)
FNF:2
FNH:1
FNDA:6,(anonymous_0)
FNDA:0,(anonymous_1)
DA:1,1
DA:2,6
DA:3,5
DA:6,1
DA:7,0
DA:8,0
DA:9,0
LF:7
LH:4
BRDA:1,0,0,0
BRDA:2,1,0,1
BRDA:2,1,1,5
BRDA:6,2,0,0
BRDA:8,3,0,0
BRDA:8,3,1,0
BRF:6
BRH:2
end_of_record
