TN:
SF:src/components/util/Authors.tsx
FN:7,(anonymous_0)
FN:13,(anonymous_1)
FNF:2
FNH:2
FNDA:7,(anonymous_0)
FNDA:8,(anonymous_1)
DA:7,1
DA:9,7
DA:14,8
DA:15,8
DA:16,8
DA:17,8
DA:18,8
DA:29,1
LF:8
LH:8
BRDA:12,0,0,2
BRDA:12,0,1,5
BRDA:12,1,0,7
BRDA:12,1,1,6
BRDA:12,2,0,0
BRDA:12,2,1,2
BRDA:15,3,0,8
BRDA:15,3,1,0
BRDA:17,4,0,3
BRDA:17,4,1,5
BRDA:19,5,0,1
BRDA:19,5,1,7
BRDA:20,6,0,4
BRDA:20,6,1,4
BRDA:20,7,0,1
BRDA:20,7,1,3
BRDA:20,8,0,0
BRDA:20,8,1,3
BRDA:20,9,0,0
BRDA:20,9,1,0
BRDA:20,10,0,3
BRDA:20,10,1,3
BRDA:20,11,0,3
BRDA:20,11,1,0
BRF:24
BRH:18
end_of_record
TN:
SF:src/constants/styles.ts
FNF:0
FNH:0
DA:1,1
DA:17,1
DA:29,1
LF:3
LH:3
BRF:0
BRH:0
end_of_record
TN:
SF:src/helpers/textsWords.ts
FN:1,(anonymous_0)
FN:6,(anonymous_1)
FNF:2
FNH:1
FNDA:3,(anonymous_0)
FNDA:0,(anonymous_1)
DA:1,1
DA:2,3
DA:3,3
DA:6,1
DA:7,0
DA:8,0
DA:9,0
LF:7
LH:4
BRDA:1,0,0,0
BRDA:2,1,0,0
BRDA:2,1,1,3
BRDA:6,2,0,0
BRDA:8,3,0,0
BRDA:8,3,1,0
BRF:6
BRH:1
end_of_record
